

Microchip Technology PIC LITE Macro Assembler V1.32 build 58300 
                                                                                               Fri Jan 30 22:25:12 2015

Microchip Technology Omniscient Code Generator (Lite mode) build 58300
     1                           	processor	16F88
     2                           	opt	pw 120
     3                           	opt	lm
     4                           	psect	text0,local,class=CODE,merge=1,delta=2
     5                           	psect	cinit,global,class=CODE,merge=1,delta=2
     6                           	psect	bitbssCOMMON,global,bit,class=COMMON,space=1,delta=1
     7                           	psect	bssCOMMON,global,class=COMMON,space=1,delta=1
     8                           	psect	cstackCOMMON,global,class=COMMON,space=1,delta=1
     9                           	psect	maintext,global,class=CODE,split=1,delta=2
    10                           	psect	text1,local,class=CODE,merge=1,delta=2
    11                           	psect	text2,local,class=CODE,merge=1,delta=2
    12                           	dabs	1,0x7E,2
    13  0000                     	;# 
    14  0001                     	;# 
    15  0002                     	;# 
    16  0003                     	;# 
    17  0004                     	;# 
    18  0005                     	;# 
    19  0006                     	;# 
    20  000A                     	;# 
    21  000B                     	;# 
    22  000C                     	;# 
    23  000D                     	;# 
    24  000E                     	;# 
    25  000E                     	;# 
    26  000F                     	;# 
    27  0010                     	;# 
    28  0011                     	;# 
    29  0012                     	;# 
    30  0013                     	;# 
    31  0014                     	;# 
    32  0015                     	;# 
    33  0015                     	;# 
    34  0016                     	;# 
    35  0017                     	;# 
    36  0018                     	;# 
    37  0019                     	;# 
    38  001A                     	;# 
    39  001E                     	;# 
    40  001F                     	;# 
    41  0081                     	;# 
    42  0085                     	;# 
    43  0086                     	;# 
    44  008C                     	;# 
    45  008D                     	;# 
    46  008E                     	;# 
    47  008F                     	;# 
    48  0090                     	;# 
    49  0092                     	;# 
    50  0093                     	;# 
    51  0094                     	;# 
    52  0098                     	;# 
    53  0099                     	;# 
    54  009B                     	;# 
    55  009C                     	;# 
    56  009D                     	;# 
    57  009E                     	;# 
    58  009F                     	;# 
    59  0105                     	;# 
    60  010C                     	;# 
    61  010D                     	;# 
    62  010E                     	;# 
    63  010F                     	;# 
    64  018C                     	;# 
    65  018D                     	;# 
    66  0017                     _CCP1CON	set	23
    67  0015                     _CCPR1L	set	21
    68  0006                     _PORTB	set	6
    69  0012                     _T2CON	set	18
    70  00BD                     _CCP1X	set	189
    71  00BC                     _CCP1Y	set	188
    72  0092                     _TMR2ON	set	146
    73  0092                     _PR2	set	146
    74  0086                     _TRISB	set	134
    75                           
    76                           	psect	text0
    77  0000                     __ptext0:	
    78                           ; #config settings
    79                           
    80                           
    81                           ;psect for function _initilazion
    82  0000                     
    83                           	psect	cinit
    84  07FA                     start_initialization:	
    85  07FA                     __initialization:	
    86                           
    87                           ; Clear objects allocated to BITCOMMON
    88  07FA  01F7               	clrf	(__pbitbssCOMMON/(0+8))& (0+127)
    89                           
    90                           ; Clear objects allocated to COMMON
    91  07FB  01F5               	clrf	__pbssCOMMON& (0+127)
    92  07FC  01F6               	clrf	(__pbssCOMMON+1)& (0+127)
    93  07FD                     end_of_initialization:	
    94                           ;End of C runtime variable initialization code
    95                           
    96  07FD                     __end_of__initialization:	
    97  07FD  0183               	clrf	3
    98  07FE  118A  2FCA         	ljmp	_main	;jump to C main() function
    99                           
   100                           	psect	bitbssCOMMON
   101  03B8                     __pbitbssCOMMON:	
   102  03B8                     _pwmLogic:	
   103  03B8                     	ds	1
   104                           
   105                           	psect	bssCOMMON
   106  0075                     __pbssCOMMON:	
   107  0075                     _duty:	
   108  0075                     	ds	2
   109                           
   110                           	psect	cstackCOMMON
   111  0070                     __pcstackCOMMON:	
   112  0070                     ?_initilazion:	
   113  0070                     ??_initilazion:	
   114                           ; 0 bytes @ 0x0
   115                           
   116  0070                     ?_pwmSet:	
   117                           ; 0 bytes @ 0x0
   118                           
   119  0070                     ?_main:	
   120                           ; 0 bytes @ 0x0
   121                           
   122                           
   123                           ; 0 bytes @ 0x0
   124  0070                     	ds	2
   125  0072                     ??_pwmSet:	
   126                           
   127                           ; 0 bytes @ 0x2
   128  0072                     	ds	2
   129  0074                     ??_main:	
   130                           
   131                           ; 0 bytes @ 0x4
   132  0074                     	ds	1
   133                           
   134                           	psect	maintext
   135  07CA                     __pmaintext:	
   136 ;;
   137 ;;Main: autosize = 0, tempsize = 1, incstack = 0, save=0
   138 ;;
   139 ;; *************** function _main *****************
   140 ;; Defined at:
   141 ;;		line 34 in file "main.c"
   142 ;; Parameters:    Size  Location     Type
   143 ;;		None
   144 ;; Auto vars:     Size  Location     Type
   145 ;;		None
   146 ;; Return value:  Size  Location     Type
   147 ;;		None               void
   148 ;; Registers used:
   149 ;;		wreg, status,2, status,0, pclath, cstack
   150 ;; Tracked objects:
   151 ;;		On entry : 17F/0
   152 ;;		On exit  : 0/0
   153 ;;		Unchanged: 0/0
   154 ;; Data sizes:     COMMON   BANK0   BANK1   BANK3   BANK2
   155 ;;      Params:         0       0       0       0       0
   156 ;;      Locals:         0       0       0       0       0
   157 ;;      Temps:          1       0       0       0       0
   158 ;;      Totals:         1       0       0       0       0
   159 ;;Total ram usage:        1 bytes
   160 ;; Hardware stack levels required when called:    1
   161 ;; This function calls:
   162 ;;		_initilazion
   163 ;;		_pwmSet
   164 ;; This function is called by:
   165 ;;		Startup code after reset
   166 ;; This function uses a non-reentrant model
   167 ;;
   168                           
   169                           
   170                           ;psect for function _main
   171  07CA                     _main:	
   172                           
   173                           ;main.c: 36: initilazion();
   174                           
   175                           ;incstack = 0
   176                           ; Regs used in _main: [wreg+status,2+status,0+pclath+cstack]
   177  07CA  118A  279F  118A   	fcall	_initilazion
   178  07CD                     l523:	
   179                           ;main.c: 37: while(1){
   180                           
   181                           
   182                           ;main.c: 38: if(pwmLogic == 1)
   183  07CD  1C77               	btfss	_pwmLogic/(0+8),_pwmLogic& (0+7)
   184  07CE  2FDB               	goto	l531
   185                           
   186                           ;main.c: 39: {
   187                           ;main.c: 40: duty--;
   188  07CF  3001               	movlw	1
   189  07D0  02F5               	subwf	_duty,f
   190  07D1  3000               	movlw	0
   191  07D2  1C03               	skipc
   192  07D3  03F6               	decf	_duty+1,f
   193  07D4  02F6               	subwf	_duty+1,f
   194                           
   195                           ;main.c: 41: if(duty == 0)
   196  07D5  0876               	movf	_duty+1,w
   197  07D6  0475               	iorwf	_duty,w
   198  07D7  1D03               	skipz
   199  07D8  2FE9               	goto	l535
   200                           
   201                           ;main.c: 42: pwmLogic = 0;
   202  07D9  1077               	bcf	_pwmLogic/(0+8),_pwmLogic& (0+7)
   203                           
   204                           ;main.c: 43: }
   205  07DA  2FE9               	goto	l535
   206  07DB                     l531:	
   207                           
   208                           ;main.c: 44: else
   209                           ;main.c: 45: {
   210                           ;main.c: 46: duty++;
   211  07DB  3001               	movlw	1
   212  07DC  07F5               	addwf	_duty,f
   213  07DD  1803               	skipnc
   214  07DE  0AF6               	incf	_duty+1,f
   215  07DF  3000               	movlw	0
   216  07E0  07F6               	addwf	_duty+1,f
   217                           
   218                           ;main.c: 47: if(duty == 1023)
   219  07E1  3003               	movlw	3
   220  07E2  0676               	xorwf	_duty+1,w
   221  07E3  1D03               	skipz
   222  07E4  2FE7               	goto	u55
   223  07E5  30FF               	movlw	255
   224  07E6  0675               	xorwf	_duty,w
   225  07E7                     u55:	
   226  07E7  1903               	btfsc	3,2
   227                           
   228                           ;main.c: 48: pwmLogic = 1;
   229  07E8  1477               	bsf	_pwmLogic/(0+8),_pwmLogic& (0+7)
   230  07E9                     l535:	
   231                           
   232                           ;main.c: 50: }
   233                           ;main.c: 51: pwmSet(duty);
   234  07E9  0876               	movf	_duty+1,w
   235  07EA  01F1               	clrf	?_pwmSet+1
   236  07EB  07F1               	addwf	?_pwmSet+1,f
   237  07EC  0875               	movf	_duty,w
   238  07ED  01F0               	clrf	?_pwmSet
   239  07EE  07F0               	addwf	?_pwmSet,f
   240  07EF  118A  27B3  118A   	fcall	_pwmSet
   241                           
   242                           ;main.c: 52: _delay((unsigned long)((1)*(4000000/4000.0)));
   243  07F2  30F9               	movlw	249
   244  07F3  00F4               	movwf	??_main
   245  07F4                     u67:	
   246  07F4  0000               	nop
   247  07F5  0BF4               	decfsz	??_main,f
   248  07F6  2FF4               	goto	u67
   249  07F7  2FF8               	nop2	;nop
   250  07F8  0000               	nop
   251  07F9  2FCD               	goto	l523
   252  07FA                     __end_of_main:	
   253                           
   254                           	psect	text1
   255  07B3                     __ptext1:	
   256 ;; *************** function _pwmSet *****************
   257 ;; Defined at:
   258 ;;		line 56 in file "main.c"
   259 ;; Parameters:    Size  Location     Type
   260 ;;		None
   261 ;; Auto vars:     Size  Location     Type
   262 ;;		None
   263 ;; Return value:  Size  Location     Type
   264 ;;		None               void
   265 ;; Registers used:
   266 ;;		wreg, status,2, status,0
   267 ;; Tracked objects:
   268 ;;		On entry : 0/0
   269 ;;		On exit  : 0/0
   270 ;;		Unchanged: 0/0
   271 ;; Data sizes:     COMMON   BANK0   BANK1   BANK3   BANK2
   272 ;;      Params:         2       0       0       0       0
   273 ;;      Locals:         0       0       0       0       0
   274 ;;      Temps:          2       0       0       0       0
   275 ;;      Totals:         4       0       0       0       0
   276 ;;Total ram usage:        4 bytes
   277 ;; Hardware stack levels used:    1
   278 ;; This function calls:
   279 ;;		Nothing
   280 ;; This function is called by:
   281 ;;		_main
   282 ;; This function uses a non-reentrant model
   283 ;;
   284                           
   285                           
   286                           ;psect for function _pwmSet
   287  07B3                     _pwmSet:	
   288                           
   289                           ;main.c: 57: CCP1Y = duty & 1;
   290                           
   291                           ;incstack = 0
   292                           ; Regs used in _pwmSet: [wreg+status,2+status,0]
   293  07B3  1C75               	btfss	_duty,0
   294  07B4  2FB9               	goto	u10
   295  07B5  1283               	bcf	3,5	;RP0=0, select bank0
   296  07B6  1303               	bcf	3,6	;RP1=0, select bank0
   297  07B7  1617               	bsf	23,4	;volatile
   298  07B8  2FBC               	goto	u24
   299  07B9                     u10:	
   300  07B9  1283               	bcf	3,5	;RP0=0, select bank0
   301  07BA  1303               	bcf	3,6	;RP1=0, select bank0
   302  07BB  1217               	bcf	23,4	;volatile
   303  07BC                     u24:	
   304                           
   305                           ;main.c: 58: CCP1X = (duty & 2);
   306  07BC  1297               	bcf	23,5	;volatile
   307                           
   308                           ;main.c: 59: CCPR1L= duty>>2;
   309  07BD  0876               	movf	_duty+1,w
   310  07BE  00F3               	movwf	??_pwmSet+1
   311  07BF  0875               	movf	_duty,w
   312  07C0  00F2               	movwf	??_pwmSet
   313  07C1  1003               	clrc
   314  07C2  0CF3               	rrf	??_pwmSet+1,f
   315  07C3  0CF2               	rrf	??_pwmSet,f
   316  07C4  1003               	clrc
   317  07C5  0CF3               	rrf	??_pwmSet+1,f
   318  07C6  0CF2               	rrf	??_pwmSet,f
   319  07C7  0872               	movf	??_pwmSet,w
   320  07C8  0095               	movwf	21	;volatile
   321  07C9  0008               	return
   322  07CA                     __end_of_pwmSet:	
   323                           
   324                           	psect	text2
   325  079F                     __ptext2:	
   326 ;; *************** function _initilazion *****************
   327 ;; Defined at:
   328 ;;		line 62 in file "main.c"
   329 ;; Parameters:    Size  Location     Type
   330 ;;		None
   331 ;; Auto vars:     Size  Location     Type
   332 ;;		None
   333 ;; Return value:  Size  Location     Type
   334 ;;		None               void
   335 ;; Registers used:
   336 ;;		wreg, status,2
   337 ;; Tracked objects:
   338 ;;		On entry : 0/0
   339 ;;		On exit  : 0/0
   340 ;;		Unchanged: 0/0
   341 ;; Data sizes:     COMMON   BANK0   BANK1   BANK3   BANK2
   342 ;;      Params:         0       0       0       0       0
   343 ;;      Locals:         0       0       0       0       0
   344 ;;      Temps:          0       0       0       0       0
   345 ;;      Totals:         0       0       0       0       0
   346 ;;Total ram usage:        0 bytes
   347 ;; Hardware stack levels used:    1
   348 ;; This function calls:
   349 ;;		Nothing
   350 ;; This function is called by:
   351 ;;		_main
   352 ;; This function uses a non-reentrant model
   353 ;;
   354                           
   355                           
   356                           ;psect for function _initilazion
   357  079F                     _initilazion:	
   358                           
   359                           ;main.c: 64: TRISB=0x00;
   360                           
   361                           ;incstack = 0
   362                           ; Regs used in _initilazion: [wreg+status,2]
   363  079F  1683               	bsf	3,5	;RP0=1, select bank1
   364  07A0  1303               	bcf	3,6	;RP1=0, select bank1
   365  07A1  0186               	clrf	6	;volatile
   366                           
   367                           ;main.c: 65: PORTB=0x00;
   368  07A2  1283               	bcf	3,5	;RP0=0, select bank0
   369  07A3  1303               	bcf	3,6	;RP1=0, select bank0
   370  07A4  0186               	clrf	6	;volatile
   371                           
   372                           ;main.c: 68: CCP1CON=0X0F;
   373  07A5  300F               	movlw	15
   374  07A6  0097               	movwf	23	;volatile
   375                           
   376                           ;main.c: 69: CCPR1L=0xFF;
   377  07A7  30FF               	movlw	255
   378  07A8  0095               	movwf	21	;volatile
   379                           
   380                           ;main.c: 70: CCP1Y=1;
   381  07A9  1617               	bsf	23,4	;volatile
   382                           
   383                           ;main.c: 71: CCP1X=1;
   384  07AA  1697               	bsf	23,5	;volatile
   385                           
   386                           ;main.c: 74: T2CON=0X03;
   387  07AB  3003               	movlw	3
   388  07AC  0092               	movwf	18	;volatile
   389                           
   390                           ;main.c: 75: TMR2ON=1;
   391  07AD  1512               	bsf	18,2	;volatile
   392                           
   393                           ;main.c: 76: PR2=255;
   394  07AE  30FF               	movlw	255
   395  07AF  1683               	bsf	3,5	;RP0=1, select bank1
   396  07B0  1303               	bcf	3,6	;RP1=0, select bank1
   397  07B1  0092               	movwf	18	;volatile
   398  07B2  0008               	return
   399  07B3                     __end_of_initilazion:	
   400  007E                     btemp	set	126	;btemp
   401  007E                     wtemp	set	126
   402  007E                     wtemp0	set	126
   403  0080                     wtemp1	set	128
   404  0082                     wtemp2	set	130
   405  0084                     wtemp3	set	132
   406  0086                     wtemp4	set	134
   407  0088                     wtemp5	set	136
   408  007F                     wtemp6	set	127
   409  007E                     ttemp	set	126
   410  007E                     ttemp0	set	126
   411  0081                     ttemp1	set	129
   412  0084                     ttemp2	set	132
   413  0087                     ttemp3	set	135
   414  007F                     ttemp4	set	127
   415  007E                     ltemp	set	126
   416  007E                     ltemp0	set	126
   417  0082                     ltemp1	set	130
   418  0086                     ltemp2	set	134
   419  0080                     ltemp3	set	128


Data Sizes:
    Strings     0
    Constant    0
    Data        0
    BSS         2
    Persistent  0
    Stack       0

Auto Spaces:
    Space          Size  Autos    Used
    COMMON           14      5       8
    BANK0            80      0       0
    BANK1            80      0       0
    BANK3            96      0       0
    BANK2            96      0       0

Pointer List with Targets:

    None.

Critical Paths under _main in COMMON

    _main->_pwmSet

Critical Paths under _main in BANK0

    None.

Critical Paths under _main in BANK1

    None.

Critical Paths under _main in BANK3

    None.

Critical Paths under _main in BANK2

    None.

Call Graph Tables:

 ---------------------------------------------------------------------------------
 (Depth) Function   	        Calls       Base Space   Used Autos Params    Refs
 ---------------------------------------------------------------------------------
 (0) _main                                                 1     1      0       0
                                              4 COMMON     1     1      0
                        _initilazion
                             _pwmSet
 ---------------------------------------------------------------------------------
 (1) _pwmSet                                               4     2      2       0
                                              0 COMMON     4     2      2
 ---------------------------------------------------------------------------------
 (1) _initilazion                                          0     0      0       0
 ---------------------------------------------------------------------------------
 Estimated maximum stack depth 1
 ---------------------------------------------------------------------------------

 Call Graph Graphs:

 _main (ROOT)
   _initilazion
   _pwmSet

 Address spaces:
Name               Size   Autos  Total    Cost      Usage
BITCOMMON            E      0       1       0        7.1%
EEDATA             100      0       0       0        0.0%
NULL                 0      0       0       0        0.0%
CODE                 0      0       0       0        0.0%
COMMON               E      5       8       1       57.1%
BITSFR0              0      0       0       1        0.0%
SFR0                 0      0       0       1        0.0%
BITSFR1              0      0       0       2        0.0%
SFR1                 0      0       0       2        0.0%
STACK                0      0       0       2        0.0%
ABS                  0      0       8       3        0.0%
BITBANK0            50      0       0       4        0.0%
BITSFR3              0      0       0       4        0.0%
SFR3                 0      0       0       4        0.0%
BANK0               50      0       0       5        0.0%
BITSFR2              0      0       0       5        0.0%
SFR2                 0      0       0       5        0.0%
BITBANK1            50      0       0       6        0.0%
BANK1               50      0       0       7        0.0%
BITBANK3            60      0       0       8        0.0%
BANK3               60      0       0       9        0.0%
BITBANK2            60      0       0      10        0.0%
BANK2               60      0       0      11        0.0%
DATA                 0      0       8      12        0.0%


Microchip Technology PIC Macro Assembler V1.32 build 58300 
Symbol Table                                                                                   Fri Jan 30 22:25:12 2015

            __CFG_CP$OFF 0000                       u10 07B9                       u24 07BC  
                     u55 07E7                       u67 07F4                      l531 07DB  
                    l523 07CD                      l535 07E9                      _PR2 0092  
           __CFG_CPD$OFF 0000             __CFG_FOSC$XT 0000             __CFG_LVP$OFF 0000  
           __CFG_WRT$OFF 0000                     _main 07CA                     _duty 0075  
                   btemp 007E                     ltemp 007E                     start 0000  
                   ttemp 007E                     wtemp 007E            __CFG_IESO$OFF 0000  
          __CFG_MCLRE$ON 0000                    ?_main 0070                    _CCP1X 00BD  
                  _CCP1Y 00BC            __CFG_WDTE$OFF 0000                    _T2CON 0012  
                  _PORTB 0006                    _TRISB 0086           __CFG_CCPMX$RB0 0000  
         __CFG_FCMEN$OFF 0000             ?_initilazion 0070           __pbitbssCOMMON 03B8  
         __CFG_BOREN$OFF 0000                    ltemp0 007E                    ltemp1 0082  
                  ltemp2 0086                    ltemp3 0080                    ttemp0 007E  
                  ttemp1 0081                    ttemp2 0084                    ttemp3 0087  
                  ttemp4 007F                    status 0003                    wtemp0 007E  
                  wtemp1 0080                    wtemp2 0082                    wtemp3 0084  
                  wtemp4 0086                    wtemp5 0088                    wtemp6 007F  
        __initialization 07FA             __end_of_main 07FA                   ??_main 0074  
                 _CCPR1L 0015                   _TMR2ON 0092           __CFG_PWRTE$OFF 0000  
                 _pwmSet 07B3  __end_of__initialization 07FD           __pcstackCOMMON 0070  
   __size_of_initilazion 0014               __pmaintext 07CA                  _CCP1CON 0017  
                ?_pwmSet 0070                  __ptext0 0000                  __ptext1 07B3  
                __ptext2 079F          __size_of_pwmSet 0017     end_of_initialization 07FD  
         __end_of_pwmSet 07CA      start_initialization 07FA                 ??_pwmSet 0072  
            __pbssCOMMON 0075                ___latbits 0001            ??_initilazion 0070  
    __end_of_initilazion 07B3              _initilazion 079F            __size_of_main 0030  
               _pwmLogic 03B8  
